<?xml version="1.0" encoding="UTF-8"?>
<testng-results total="1" passed="1" failed="0" skipped="0">
  <reporter-output>
  </reporter-output>
  <suite started-at="2023-12-26T15:01:04Z" name="Default suite" finished-at="2023-12-26T15:01:20Z" duration-ms="15833">
    <groups>
    </groups>
    <test started-at="2023-12-26T15:01:04Z" name="Default test" finished-at="2023-12-26T15:01:20Z" duration-ms="15833">
      <class name="com.orangeHRM.Test.Standalone">
        <test-method is-config="true" signature="beforeSetup()[pri:0, instance:com.orangeHRM.Test.Standalone@3a7442c7]" started-at="2023-12-26T20:31:03Z" name="beforeSetup" finished-at="2023-12-26T20:31:04Z" duration-ms="1509" status="PASS">
          <reporter-output>
          </reporter-output>
        </test-method> <!-- beforeSetup -->
        <test-method is-config="true" signature="setUpBrowser()[pri:0, instance:com.orangeHRM.Test.Standalone@3a7442c7]" started-at="2023-12-26T20:31:04Z" name="setUpBrowser" finished-at="2023-12-26T20:31:08Z" duration-ms="3879" status="PASS">
          <reporter-output>
          </reporter-output>
        </test-method> <!-- setUpBrowser -->
        <test-method signature="loginFunction()[pri:0, instance:com.orangeHRM.Test.Standalone@3a7442c7]" started-at="2023-12-26T20:31:08Z" name="loginFunction" finished-at="2023-12-26T20:31:20Z" duration-ms="11934" status="PASS">
          <reporter-output>
          </reporter-output>
        </test-method> <!-- loginFunction -->
        <test-method is-config="true" signature="suiteTearDown()[pri:0, instance:com.orangeHRM.Test.Standalone@3a7442c7]" started-at="2023-12-26T20:31:20Z" name="suiteTearDown" finished-at="2023-12-26T20:31:20Z" duration-ms="270" status="PASS">
          <reporter-output>
          </reporter-output>
        </test-method> <!-- suiteTearDown -->
      </class> <!-- com.orangeHRM.Test.Standalone -->
    </test> <!-- Default test -->
  </suite> <!-- Default suite -->
</testng-results>
